build/app/outputs/mapping/release/seeds.txt
com.example.plms_start.MainActivity
com.example.plms_start.MainActivity: MainActivity()
...
io.flutter.plugins.pathprovider.StorageDirectoryMapper
io.flutter.embedding.android.DrawableSplashScreen$1: io.flutter.embedding.android.DrawableSplashScreen this$0
io.flutter.embedding.engine.deferredcomponents.PlayStoreDeferredComponentManager: java.lang.String MAPPING_KEY
io.flutter.plugin.platform.PlatformView: void dispose()
io.flutter.embedding.engine.systemchannels.PlatformChannel$SystemUiOverlay
io.flutter.plugins.flutter_plugin_android_lifecycle.R$styleable: int GradientColor_android_gradientRadius
io.flutter.plugins.flutter_plugin_android_lifecycle.R$dimen: int compat_button_padding_horizontal_material
io.flutter.embedding.android.DrawableSplashScreen$DrawableSplashScreenView: DrawableSplashScreen$DrawableSplashScreenView(android.content.Context)
io.flutter.plugins.imagepicker.R$id: int accessibility_custom_action_28
io.flutter.app.FlutterActivityEvents: void onPostResume()
io.flutter.embedding.engine.systemchannels.KeyEventChannel
io.flutter.view.AccessibilityBridge$SemanticsNode: int access$6200(io.flutter.view.AccessibilityBridge$SemanticsNode)
io.flutter.embedding.android.FlutterActivityLaunchConfigs: java.lang.String EXTRA_INITIAL_ROUTE
io.flutter.plugins.imagepicker.R$attr: int fontProviderCerts
io.flutter.plugins.imagepicker.R$styleable: int[] GradientColor
io.flutter.util.Preconditions: void checkState(boolean,java.lang.Object)
io.flutter.plugins.pathprovider.R$dimen: int compat_notification_large_icon_max_height
android.support.v4.media.RatingCompat
io.flutter.embedding.engine.mutatorsstack.FlutterMutatorView$1: io.flutter.embedding.engine.mutatorsstack.FlutterMutatorView this$0
io.flutter.embedding.engine.FlutterEngineConnectionRegistry$FlutterEngineServicePluginBinding: void onMoveToBackground()
io.flutter.view.AccessibilityBridge$1
io.flutter.embedding.android.FlutterFragmentActivity: io.flutter.embedding.android.FlutterFragment flutterFragment
io.flutter.view.AccessibilityBridge: io.flutter.view.AccessibilityBridge$OnAccessibilityChangeListener access$800(io.flutter.view.AccessibilityBridge)
io.flutter.embedding.engine.mutatorsstack.FlutterMutatorView: int left
androidx.fragment.app.Fragment: void onAttach(android.content.Context)
io.flutter.embedding.android.FlutterActivityAndFragmentDelegate$1
io.flutter.embedding.engine.systemchannels.SettingsChannel: java.lang.String TEXT_SCALE_FACTOR
io.flutter.view.AccessibilityBridge: java.util.Map flutterSemanticsTree
io.flutter.embedding.engine.renderer.FlutterRenderer$ViewportMetrics: int systemGestureInsetRight
androidx.fragment.app.FragmentManagerState: android.os.Parcelable$Creator CREATOR
io.flutter.embedding.android.FlutterActivityAndFragmentDelegate: java.lang.String maybeGetInitialRouteFromIntent(android.content.Intent)
io.flutter.plugin.common.ErrorLogResult: int level
io.flutter.plugins.imagepicker.ImagePickerPlugin$MethodResultWrapper: io.flutter.plugin.common.MethodChannel$Result methodResult
io.flutter.view.FlutterView: android.view.accessibility.AccessibilityNodeProvider getAccessibilityNodeProvider()
io.flutter.FlutterInjector
io.flutter.embedding.android.MotionEventTracker: android.util.LongSparseArray eventById
io.flutter.Log: void v(java.lang.String,java.lang.String)
io.flutter.embedding.android.FlutterSplashView$2: void onFlutterUiNoLongerDisplayed()
io.flutter.plugin.editing.ImeSyncDeferringInsetsCallback$AnimationCallback: void onPrepare(android.view.WindowInsetsAnimation)
androidx.activity.ComponentActivity: androidx.activity.OnBackPressedDispatcher getOnBackPressedDispatcher()
io.flutter.plugin.platform.PlatformViewsController$1: void synchronizeToNativeViewHierarchy(boolean)
io.flutter.plugins.imagepicker.ImagePickerDelegate: boolean needRequestCameraPermission()
io.flutter.plugins.imagepicker.ImagePickerDelegate: void handleVideoResult(java.lang.String)
io.flutter.embedding.engine.FlutterEngineConnectionRegistry: boolean isAttachedToActivity()
io.flutter.embedding.android.AndroidTouchProcessor$PointerDeviceKind: int TOUCH