build/app/outputs/mapping/release/mapping.txt
# compiler: R8
# compiler_version: 2.1.62
# min_api: 21
# pg_map_id: c619572
# common_typos_disable
...
com.google.common.util.concurrent.ListenableFuture -> c.b.a.b.a.e:
    void addListener(java.lang.Runnable,java.util.concurrent.Executor) -> a
com.google.common.util.concurrent.SettableFuture -> c.b.a.b.a.f:
    boolean setException(java.lang.Throwable) -> A
    com.google.common.util.concurrent.SettableFuture create() -> C
    boolean set(java.lang.Object) -> z
com.google.common.util.concurrent.ThreadFactoryBuilder -> c.b.a.b.a.g:
    java.lang.Integer priority -> c
    java.lang.Thread$UncaughtExceptionHandler uncaughtExceptionHandler -> d
    java.util.concurrent.ThreadFactory backingThreadFactory -> e
    java.lang.String nameFormat -> a
    java.lang.Boolean daemon -> b
    java.lang.String access$000(java.lang.String,java.lang.Object[]) -> a
    java.util.concurrent.ThreadFactory build() -> b
    java.util.concurrent.ThreadFactory doBuild(com.google.common.util.concurrent.ThreadFactoryBuilder) -> c
    java.lang.String format(java.lang.String,java.lang.Object[]) -> d
    com.google.common.util.concurrent.ThreadFactoryBuilder setNameFormat(java.lang.String) -> e
    com.google.common.util.concurrent.ThreadFactoryBuilder setPriority(int) -> f
com.google.common.util.concurrent.ThreadFactoryBuilder$1 -> c.b.a.b.a.g$a:
    java.util.concurrent.atomic.AtomicLong val$count -> c
    java.lang.Integer val$priority -> e
    java.lang.Thread$UncaughtExceptionHandler val$uncaughtExceptionHandler -> f
    java.util.concurrent.ThreadFactory val$backingThreadFactory -> a
    java.lang.String val$nameFormat -> b
    java.lang.Boolean val$daemon -> d
com.google.common.util.concurrent.Uninterruptibles -> c.b.a.b.a.h:
    java.lang.Object getUninterruptibly(java.util.concurrent.Future) -> a
com.google.common.util.concurrent.internal.InternalFutureFailureAccess -> c.b.a.b.a.i.a:
    java.lang.Throwable tryInternalFastPathGetFailure() -> b
com.google.common.util.concurrent.internal.InternalFutures -> c.b.a.b.a.i.b:
    java.lang.Throwable tryInternalFastPathGetFailure(com.google.common.util.concurrent.internal.InternalFutureFailureAccess) -> a
com.jrai.flutter_keyboard_visibility.FlutterKeyboardVisibilityPlugin -> c.c.a.a:
    io.flutter.plugin.common.EventChannel$EventSink eventSink -> a
    android.view.View mainView -> b
    boolean isVisible -> c
    void init(io.flutter.plugin.common.BinaryMessenger) -> a
    void listenForKeyboard(android.app.Activity) -> b
    void unregisterListener() -> c
io.flutter.embedding.android.-$$Lambda$KeyChannelResponder$2j1oQDNrug8exq2tp8d8ktXWyJI -> io.flutter.embedding.android.a:
    io.flutter.embedding.android.KeyboardManager$Responder$OnKeyEventHandledCallback f$0 -> a
io.flutter.embedding.android.KeyChannelResponder -> io.flutter.embedding.android.KeyChannelResponder:
    void lambda$handleEvent$0(io.flutter.embedding.android.KeyboardManager$Responder$OnKeyEventHandledCallback,boolean) -> a
io.flutter.embedding.android.SplashScreen$-CC -> io.flutter.embedding.android.b:
    boolean io.flutter.embedding.android.SplashScreen.doesSplashViewRememberItsTransition() -> $default$doesSplashViewRememberItsTransition
    android.os.Bundle io.flutter.embedding.android.SplashScreen.saveSplashScreenState() -> $default$saveSplashScreenState
io.flutter.embedding.engine.-$$Lambda$FlutterJNI$2fUF03zsar2dpLbGJv6IUmJU-0A -> io.flutter.embedding.engine.a:
    long f$0 -> a
io.flutter.embedding.engine.FlutterJNI -> io.flutter.embedding.engine.FlutterJNI:
    void lambda$decodeImage$0(long,android.graphics.ImageDecoder,android.graphics.ImageDecoder$ImageInfo,android.graphics.ImageDecoder$Source) -> a
io.flutter.embedding.engine.deferredcomponents.-$$Lambda$PlayStoreDeferredComponentManager$I-sXVUxNIRBC-x6w9msYQS2uXNs -> io.flutter.embedding.engine.deferredcomponents.a:
    io.flutter.embedding.engine.deferredcomponents.PlayStoreDeferredComponentManager f$0 -> a
    int f$1 -> b
    java.lang.String f$2 -> c