build/app/outputs/mapping/release/usage.txt
com.example.plms_start.R$xml
com.example.plms_start.R$color
com.example.plms_start.BuildConfig
com.example.plms_start.R$dimen
com.example.plms_start.R$style
com.example.plms_start.R$layout
com.example.plms_start.R$attr
com.example.plms_start.R
com.example.plms_start.R$mipmap
com.example.plms_start.R$styleable
com.example.plms_start.R$drawable
com.example.plms_start.R$integer
com.example.plms_start.R$string
com.example.plms_start.R$id
...
com.google.common.collect.Tables$TransformedTable$1
androidx.core.app.ActivityOptionsCompat$ActivityOptionsCompatImpl
kotlin.math.Constants
org.intellij.lang.annotations.Language
com.google.common.reflect.Types$TypeVariableImpl
kotlin.jvm.internal.ArrayDoubleIterator
com.google.common.collect.RegularImmutableTable$Values
kotlin.ranges.RangesKt
androidx.versionedparcelable.NonParcelField
kotlin.random.FallbackThreadLocalRandom$implStorage$1
androidx.core.view.GravityCompat
androidx.legacy.coreutils.R$style
com.google.common.collect.ImmutableRangeSet$AsSet$2
com.google.common.collect.ImmutableClassToInstanceMap$Builder
com.google.common.hash.BloomFilter$SerialForm
com.google.common.collect.Iterators$3
kotlin.reflect.KMutableProperty$Setter
com.google.common.io.Closer$Suppressor
kotlin.sequences.SequencesKt___SequencesKt$zip$1
androidx.annotation.InspectableProperty$ValueType
com.google.common.math.LinearTransformation
kotlin.coroutines.intrinsics.IntrinsicsKt__IntrinsicsJvmKt$createCoroutineUnintercepted$$inlined$createCoroutineFromSuspendFunction$IntrinsicsKt__IntrinsicsJvmKt$3
android.support.v4.media.MediaMetadataCompat$RatingKey
com.google.common.collect.StandardTable$1
com.google.common.collect.Maps$KeySet
kotlin.coroutines.experimental.CoroutineContext$Element$DefaultImpls
kotlin.random.Random$Companion
androidx.swiperefreshlayout.R$dimen
kotlin.properties.ReadOnlyProperty
com.google.common.collect.ImmutableList$SerializedForm
com.google.common.util.concurrent.Service$State$4
android.support.v4.media.MediaBrowserCompat$ConnectionCallback
com.google.common.collect.Multiset$Entry
kotlin.jvm.internal.ClassBasedDeclarationContainer
com.google.common.net.MediaType$Tokenizer
androidx.core.app.NotificationManagerCompat$NotifyTask
com.google.common.util.concurrent.Striped$LargeLazyStriped
kotlin.jvm.internal.Ref$BooleanRef
android.support.v4.media.MediaBrowserCompat$MediaBrowserImplApi26
androidx.coordinatorlayout.widget.CoordinatorLayout$Behavior
com.google.common.util.concurrent.CombinedFuture$CombinedFutureInterruptibleTask
com.google.common.math.LongMath$1
com.google.common.xml.package-info
kotlin.sequences.SequencesKt__SequencesKt$flatten$1
androidx.core.view.NestedScrollingParent
androidx.fragment.app.ListFragment
androidx.coordinatorlayout.R$style
androidx.media.MediaBrowserServiceCompat$ServiceBinderImpl$1
kotlin.io.FileAlreadyExistsException
androidx.core.provider.FontsContractCompat$4$1
com.google.common.collect.DenseImmutableTable$Column
com.google.common.graph.ConfigurableMutableValueGraph
kotlin.io.NoSuchFileException
org.checkerframework.checker.nullness.compatqual.NonNullType
androidx.viewpager.R$dimen
androidx.coordinatorlayout.widget.CoordinatorLayout$AttachedBehavior
com.google.common.util.concurrent.Callables$3
com.google.common.collect.ArrayTable$ColumnMap
com.google.common.reflect.TypeResolver$WildcardCapturer
org.intellij.lang.annotations.JdkConstants$TitledBorderJustification
androidx.loader.content.ModernAsyncTask
com.google.common.base.Predicates$CompositionPredicate
com.google.common.collect.SortedMultisetBridge
androidx.core.view.accessibility.AccessibilityManagerCompat$AccessibilityStateChangeListener
kotlin.jvm.JvmOverloads
androidx.swiperefreshlayout.widget.CircleImageView
kotlin.ranges.UIntRange
com.google.common.graph.DirectedGraphConnections$PredAndSucc
androidx.swiperefreshlayout.R$attr
org.checkerframework.checker.nullness.compatqual.NullableDecl
com.google.common.collect.MapMakerInternalMap$AbstractStrongKeyEntry
kotlin.ranges.ClosedRange$DefaultImpls
android.support.v4.media.session.MediaControllerCompat$MediaControllerImpl
com.google.common.hash.Hashing$Sha256Holder
androidx.core.content.res.GradientColorInflaterCompat$ColorStops
com.google.common.collect.UnmodifiableIterator
com.google.common.cache.LocalCache$WeakEntry
com.google.common.collect.StandardTable$Row$1
com.google.common.collect.AbstractIndexedListIterator
com.google.common.util.concurrent.Striped$3